<?xml version="1.0" encoding="UTF-8" ?>
<testsuite errors="0" failures="0" hostname="jrcarr2-laptop" name="com.ociweb.example.domain.OrderSiteExample" tests="4" time="0.29" timestamp="2010-02-17T04:57:30">
  <properties>
    <property name="java.runtime.name" value="Java(TM) SE Runtime Environment" />
    <property name="sun.boot.library.path" value="/usr/lib/jvm/java-6-sun-1.6.0.15/jre/lib/i386" />
    <property name="java.vm.version" value="14.1-b02" />
    <property name="ant.version" value="Apache Ant version 1.7.0 compiled on December 13 2006" />
    <property name="ant.java.version" value="1.6" />
    <property name="java.vm.vendor" value="Sun Microsystems Inc." />
    <property name="java.vendor.url" value="http://java.sun.com/" />
    <property name="path.separator" value=":" />
    <property name="java.vm.name" value="Java HotSpot(TM) Server VM" />
    <property name="file.encoding.pkg" value="sun.io" />
    <property name="user.country" value="US" />
    <property name="sun.java.launcher" value="SUN_STANDARD" />
    <property name="sun.os.patch.level" value="unknown" />
    <property name="java.vm.specification.name" value="Java Virtual Machine Specification" />
    <property name="user.dir" value="/home/jrcarr2/projects/gradle/camel-jnb-article-improved/seda-example" />
    <property name="java.runtime.version" value="1.6.0_15-b03" />
    <property name="java.awt.graphicsenv" value="sun.awt.X11GraphicsEnvironment" />
    <property name="basedir" value="/home/jrcarr2/projects/gradle/camel-jnb-article-improved/seda-example" />
    <property name="java.endorsed.dirs" value="/usr/lib/jvm/java-6-sun-1.6.0.15/jre/lib/endorsed" />
    <property name="os.arch" value="i386" />
    <property name="java.io.tmpdir" value="/tmp" />
    <property name="ant.core.lib" value="/usr/lib/gradle-0.8/lib/ant-1.7.0.jar" />
    <property name="line.separator" value="
" />
    <property name="java.vm.specification.vendor" value="Sun Microsystems Inc." />
    <property name="os.name" value="Linux" />
    <property name="tools.jar" value="/usr/lib/jvm/java-6-sun//lib/tools.jar" />
    <property name="sun.jnu.encoding" value="UTF-8" />
    <property name="java.library.path" value="/usr/lib/jvm/java-6-sun-1.6.0.15/jre/lib/i386/server:/usr/lib/jvm/java-6-sun-1.6.0.15/jre/lib/i386:/usr/lib/jvm/java-6-sun-1.6.0.15/jre/../lib/i386:/usr/java/packages/lib/i386:/lib:/usr/lib" />
    <property name="java.specification.name" value="Java Platform API Specification" />
    <property name="java.class.version" value="50.0" />
    <property name="sun.management.compiler" value="HotSpot Tiered Compilers" />
    <property name="os.version" value="2.6.31-17-generic" />
    <property name="user.home" value="/home/jrcarr2" />
    <property name="user.timezone" value="" />
    <property name="java.awt.printerjob" value="sun.print.PSPrinterJob" />
    <property name="java.specification.version" value="1.6" />
    <property name="file.encoding" value="UTF-8" />
    <property name="java.class.path" value="/home/jrcarr2/projects/gradle/camel-jnb-article-improved/seda-example/build/classes/test:/home/jrcarr2/projects/gradle/camel-jnb-article-improved/seda-example/build/classes/main:/home/jrcarr2/.gradle/cache/org.springframework/spring-core/jars/spring-core-2.5.6.jar:/home/jrcarr2/.gradle/cache/commons-logging/commons-logging/jars/commons-logging-1.1.1.jar:/home/jrcarr2/.gradle/cache/com.sun.xml.bind/jaxb-impl/jars/jaxb-impl-2.2.jar:/home/jrcarr2/.gradle/cache/javax.xml.bind/jaxb-api/jars/jaxb-api-2.2.jar:/home/jrcarr2/.gradle/cache/javax.xml.stream/stax-api/jars/stax-api-1.0-2.jar:/home/jrcarr2/.gradle/cache/javax.activation/activation/jars/activation-1.1.jar:/home/jrcarr2/.gradle/cache/org.apache.camel/camel-core/bundles/camel-core-2.1.0.jar:/home/jrcarr2/.gradle/cache/commons-logging/commons-logging-api/jars/commons-logging-api-1.1.jar:/home/jrcarr2/.gradle/cache/org.fusesource.commonman/commons-management/bundles/commons-management-1.0.jar:/home/jrcarr2/.gradle/cache/org.apache.camel/camel-spring/bundles/camel-spring-2.1.0.jar:/home/jrcarr2/.gradle/cache/org.springframework/spring-context/jars/spring-context-2.5.6.jar:/home/jrcarr2/.gradle/cache/aopalliance/aopalliance/jars/aopalliance-1.0.jar:/home/jrcarr2/.gradle/cache/org.springframework/spring-beans/jars/spring-beans-2.5.6.jar:/home/jrcarr2/.gradle/cache/org.springframework/spring-tx/jars/spring-tx-2.5.6.jar:/home/jrcarr2/.gradle/cache/org.springframework/spring-aop/jars/spring-aop-2.5.6.jar:/home/jrcarr2/.gradle/cache/joda-time/joda-time/jars/joda-time-1.6.jar:/home/jrcarr2/.gradle/cache/junit/junit/jars/junit-4.7.jar:/home/jrcarr2/.gradle/cache/org.mockito/mockito-all/jars/mockito-all-1.8.2.jar:/usr/lib/gradle-0.8/lib/ant-nodeps-1.7.0.jar:/usr/lib/gradle-0.8/lib/ant-junit-1.7.0.jar:/usr/lib/gradle-0.8/lib/ant-1.7.0.jar:/usr/lib/gradle-0.8/lib/ant-launcher-1.7.0.jar:/usr/lib/gradle-0.8/lib/ant-trax-1.7.0.jar" />
    <property name="user.name" value="jrcarr2" />
    <property name="java.vm.specification.version" value="1.0" />
    <property name="java.home" value="/usr/lib/jvm/java-6-sun-1.6.0.15/jre" />
    <property name="sun.arch.data.model" value="32" />
    <property name="java.specification.vendor" value="Sun Microsystems Inc." />
    <property name="user.language" value="en" />
    <property name="java.vm.info" value="mixed mode" />
    <property name="java.version" value="1.6.0_15" />
    <property name="java.ext.dirs" value="/usr/lib/jvm/java-6-sun-1.6.0.15/jre/lib/ext:/usr/java/packages/lib/ext" />
    <property name="gradle.home" value="/usr/lib/gradle-0.8" />
    <property name="sun.boot.class.path" value="/usr/lib/jvm/java-6-sun-1.6.0.15/jre/lib/resources.jar:/usr/lib/jvm/java-6-sun-1.6.0.15/jre/lib/rt.jar:/usr/lib/jvm/java-6-sun-1.6.0.15/jre/lib/sunrsasign.jar:/usr/lib/jvm/java-6-sun-1.6.0.15/jre/lib/jsse.jar:/usr/lib/jvm/java-6-sun-1.6.0.15/jre/lib/jce.jar:/usr/lib/jvm/java-6-sun-1.6.0.15/jre/lib/charsets.jar:/usr/lib/jvm/java-6-sun-1.6.0.15/jre/classes" />
    <property name="java.vendor" value="Sun Microsystems Inc." />
    <property name="file.separator" value="/" />
    <property name="java.vendor.url.bug" value="http://java.sun.com/cgi-bin/bugreport.cgi" />
    <property name="sun.cpu.endian" value="little" />
    <property name="sun.io.unicode.encoding" value="UnicodeLittle" />
    <property name="sun.desktop" value="gnome" />
    <property name="sun.cpu.isalist" value="" />
  </properties>
  <testcase classname="com.ociweb.example.domain.OrderSiteExample" name="shouldProcessOrderAndSendItToWarehouse" time="0.238" />
  <testcase classname="com.ociweb.example.domain.OrderSiteExample" name="shouldHaveTheOriginalOrderInformationInShippingOrder" time="0.0020" />
  <testcase classname="com.ociweb.example.domain.OrderSiteExample" name="shouldSetTheExpectedShipDateToTomorrowIfLessThanTenItems" time="0.0010" />
  <testcase classname="com.ociweb.example.domain.OrderSiteExample" name="shouldSetTheExpectedShipDateToThreeDaysFromNowTenOrMoreItems" time="0.0010" />
  <system-out><![CDATA[]]></system-out>
  <system-err><![CDATA[]]></system-err>
</testsuite>
